47dbf98f 0004 00000049
47dbfa75 0004 00000045
47dbfac0 0004 00000052
47dbfb0a 0004 00000020
47dbfb54 0004 00000052
47dbfb9e 0004 00000065
47dbfbe8 0004 00000067
47dbfc32 0004 00000069
47dbfc7e 0004 00000073
47dbfcc8 0004 00000074
47dbfd14 0004 00000065
47dbfd5e 0004 00000072
47dbfdaa 0004 0000003a
47dbfdf4 0004 00000020
47dbfe40 0004 00000063
47dbfe8a 0004 00000030
47dbfed6 0004 00000030
47dbff20 0004 00000030
47dbff6c 0004 00000030
47dbffb6 0004 00000030
47dc0002 0004 00000030
47dc0123 0004 0000000d
47dc0165 0004 0000000a
47dc0165 IER Register: c000000
47dc9595 0004 0000006e
47dc967a 0004 00000065
47dc96ca 0004 00000074
47dc9714 0004 00000069
47dc9760 0004 00000066
47dc97aa 0004 00000020
47dc97fc 0004 00000073
47dc9846 0004 00000074
47dc9896 0004 00000061
47dc98e0 0004 00000074
47dc992c 0004 00000075
47dc9976 0004 00000073
47dc99c2 0004 00000020
47dc9a0c 0004 00000063
47dc9a58 0004 00000068
47dc9aa2 0004 00000061
47dc9aee 0004 0000006e
47dc9b38 0004 00000067
47dc9b84 0004 00000065
47dc9bce 0004 00000064
47dc9c1a 0004 0000002e
47dc9c66 0004 0000000d
47dc9ca8 0004 0000000a
47dc9ca8 netif status changed.
47dcbb16 0004 00000052
47dcbb60 0004 00000065
47dcbbaa 0004 00000073
47dcbbfa 0004 00000065
47dcbc44 0004 00000074
47dcbc94 0004 00000020
47dcbcde 0004 00000064
47dcbd2a 0004 0000006f
47dcbd74 0004 0000006e
47dcbdc0 0004 00000065
47dcbe0a 0004 0000002c
47dcbe56 0004 00000020
47dcbea0 0004 00000049
47dcbeec 0004 0000006e
47dcbf36 0004 00000069
47dcbf82 0004 00000074
47dcbfcc 0004 00000020
47dcc018 0004 00000064
47dcc062 0004 0000006f
47dcc0ac 0004 0000006e
47dcc0f6 0004 00000065
47dcc140 0004 0000002c
47dcc18a 0004 00000020
47dcc1d6 0004 00000069
47dcc220 0004 0000006e
47dcc26c 0004 00000074
47dcc2b6 0004 00000065
47dcc302 0004 00000072
47dcc351 0004 00000072
47dcc39c 0004 00000075
47dcc3e6 0004 00000070
47dcc430 0004 00000074
47dcc47a 0004 00000073
47dcc4ca 0004 00000020
47dcc514 0004 00000065
47dcc564 0004 0000006e
47dcc5ae 0004 00000061
47dcc5fa 0004 00000062
47dcc644 0004 0000006c
47dcc690 0004 00000065
47dcc6da 0004 00000064
47dcc728 0004 0000000d
47dcc76a 0004 0000000a
47dcc76a Reset done, Init done, interrupts enabled
47dd14be 0004 00000049
47dd1508 0004 00000045
47dd1554 0004 00000052
47dd159e 0004 00000020
47dd15ea 0004 00000052
47dd1634 0004 00000065
47dd1680 0004 00000067
47dd16ca 0004 00000069
47dd1716 0004 00000073
47dd1760 0004 00000074
47dd17ac 0004 00000065
47dd17f6 0004 00000072
47dd1842 0004 0000003a
47dd188c 0004 00000020
47dd18d6 0004 00000063
47dd1920 0004 00000030
47dd196a 0004 00000030
47dd19b4 0004 00000030
47dd1a00 0004 00000030
47dd1a4a 0004 00000030
47dd1a96 0004 00000030
47dd1ae2 0004 0000000d
47dd1b26 0004 0000000a
47dd1b26 IER Register: c000000
47dd69ad 0004 00000049
47dd6a96 0004 00000053
47dd6ae0 0004 00000052
47dd6b2a 0004 00000020
47dd6b76 0004 00000069
47dd6bc0 0004 00000073
47dd6c0c 0004 00000020
47dd6c56 0004 00000061
47dd6ca2 0004 00000074
47dd6cec 0004 00000020
47dd6d38 0004 00000074
47dd6d82 0004 00000068
47dd6dce 0004 00000065
47dd6e18 0004 00000020
47dd6e64 0004 00000062
47dd6eae 0004 00000065
47dd6efa 0004 00000067
47dd6f44 0004 00000069
47dd6f8e 0004 0000006e
47dd6fd8 0004 0000006e
47dd7022 0004 00000069
47dd706c 0004 0000006e
47dd70b8 0004 00000067
47dd7102 0004 0000003a
47dd714e 0004 00000020
47dd7198 0004 00000030
47dd71e6 0004 0000000d
47dd722d 0004 0000000a
47dd722d ISR is at the beginning: 0
4a5cfc54 0004 00000052
4a5cfd3f 0004 00000065
4a5cfd89 0004 00000063
4a5cfdd6 0004 00000065
4a5cfe20 0004 00000069
4a5cfe6c 0004 00000076
4a5cfeb6 0004 00000065
4a5cff02 0004 00000020
4a5cff4c 0004 00000043
Overflow, missed 3 events
Overflow, missed 10 events
Overflow, missed 8 events
4a5d397d 0004 00000049
4a5d39c7 0004 00000053
4a5d3a12 0004 00000052
4a5d3a5c 0004 00000020
4a5d3aa6 0004 00000069
4a5d3af2 0004 00000073
4a5d3b3c 0004 00000020
4a5d3b88 0004 00000030
Overflow, missed 1 events
Overflow, missed 7 events
Overflow, missed 2 events
4a5d598f 0004 00000052
4a5d59d9 0004 00000065
4a5d5a23 0004 00000063
4a5d5a6e 0004 00000065
4a5d5ab8 0004 00000069
4a5d5b02 0004 00000076
4a5d5b4c 0004 00000065
4a5d5b96 0004 00000064
4a5d5be0 0004 00000020
Overflow, missed 6 events
Overflow, missed 8 events
Overflow, missed 9 events
Overflow, missed 3 events
4a5d8766 0004 00000065
4a5d87b0 0004 00000074
4a5d87fa 0004 00000068
4a5d8844 0004 0000005f
4a5d888e 0004 00000064
4a5d88d8 0004 00000061
4a5d8922 0004 00000074
4a5d896c 0004 00000061
Overflow, missed 10 events
Overflow, missed 1 events
4a5ddef0 0004 00000067
4a5ddfd6 0004 0000006f
4a5de024 0004 00000074
4a5de06e 0004 00000020
4a5de0b8 0004 00000031
4a5de102 0004 00000032
4a5de14c 0004 00000033
4a5de196 0004 00000034
4a5de1e2 0004 00000035
Overflow, missed 5 events
4a5e0648 0004 00000067
4a5e0694 0004 0000006f
4a5e06de 0004 00000074
4a5e072a 0004 00000020
4a5e0774 0004 00000039
4a5e07be 0004 00000061
4a5e0808 0004 00000062
4a5e0852 0004 00000063
4a5e089c 0004 00000039
Overflow, missed 5 events
4a5e2ce3 0004 00000067
4a5e2d2d 0004 0000006f
4a5e2d78 0004 00000074
4a5e2dc2 0004 00000020
4a5e2e0c 0004 00000062
4a5e2e58 0004 00000061
4a5e2ea2 0004 00000034
4a5e2eee 0004 00000036
4a5e2f38 0004 00000035
Overflow, missed 5 events
4a5e5399 0004 00000067
4a5e53e3 0004 0000006f
4a5e542d 0004 00000074
4a5e5478 0004 00000020
4a5e54c2 0004 00000038
4a5e550c 0004 00000030
4a5e5556 0004 00000030
4a5e55a0 0004 00000034
4a5e55ea 0004 00000035
Overflow, missed 4 events
4a5e797d 0004 00000067
4a5e79c7 0004 0000006f
4a5e7a12 0004 00000074
4a5e7a5c 0004 00000020
4a5e7aa6 0004 00000032
4a5e7af2 0004 00000034
4a5e7b3c 0004 00000063
4a5e7b88 0004 00000032
4a5e7bd2 0004 00000034
Overflow, missed 3 events
4a5e9f8a 0004 00000067
4a5e9fd4 0004 0000006f
4a5ea01e 0004 00000074
4a5ea068 0004 00000020
4a5ea0b4 0004 00000034
4a5ea0fe 0004 00000030
4a5ea148 0004 00000030
4a5ea194 0004 00000030
4a5ea1de 0004 00000034
Overflow, missed 5 events
4a5ec638 0004 00000067
4a5ec682 0004 0000006f
4a5ec6ce 0004 00000074
4a5ec718 0004 00000020
4a5ec764 0004 00000033
4a5ec7ae 0004 00000065
4a5ec7f8 0004 00000031
4a5ec842 0004 00000066
4a5ec88c 0004 00000038
Overflow, missed 5 events
4a5eeccd 0004 00000067
4a5eed17 0004 0000006f
4a5eed61 0004 00000074
4a5eedac 0004 00000020
4a5eedf6 0004 00000039
4a5eee40 0004 00000062
4a5eee8a 0004 00000033
4a5eeed4 0004 00000037
4a5eef1e 0004 00000038
Overflow, missed 5 events
4a5f135e 0004 00000067
4a5f13ae 0004 0000006f
4a5f13f8 0004 00000074
4a5f1444 0004 00000020
4a5f148e 0004 00000039
4a5f14da 0004 00000062
4a5f1524 0004 00000062
4a5f1570 0004 00000031
4a5f15ba 0004 00000062
Overflow, missed 5 events
4a5f3a22 0004 00000067
4a5f3a6e 0004 0000006f
4a5f3ab8 0004 00000074
4a5f3b04 0004 00000020
4a5f3b4e 0004 00000064
4a5f3b98 0004 00000035
4a5f3be2 0004 00000064
4a5f3c2c 0004 00000066
4a5f3c76 0004 00000030
Overflow, missed 5 events
4a5f60bd 0004 00000067
4a5f6107 0004 0000006f
4a5f6152 0004 00000074
4a5f619c 0004 00000020
4a5f61e6 0004 00000033
4a5f6232 0004 00000061
4a5f627c 0004 00000038
4a5f62c8 0004 00000031
4a5f6312 0004 00000035
Overflow, missed 5 events
4a5f8768 0004 00000067
4a5f87b2 0004 0000006f
4a5f8801 0004 00000074
4a5f884b 0004 00000020
4a5f8895 0004 00000034
4a5f88df 0004 00000036
4a5f892a 0004 00000033
4a5f897a 0004 00000032
4a5f89c4 0004 00000030
Overflow, missed 5 events
4a5fabc0 0004 00000067
4a5fac0a 0004 0000006f
4a5fac54 0004 00000074
4a5fac9e 0004 00000020
4a5face8 0004 00000030
4a5fad34 0004 0000000d
4a5fad78 0004 0000000a
4a5fad78 Receive CISR is 0Received eth_datagot 12345got 9abc9got ba465got 80045got 24c24got 40004got 3e1f8got 9b378got 9bb1bgot d5df0got 3a815got 46320got 0
4a5fcdfe 0004 00000067
4a5fce48 0004 0000006f
4a5fce92 0004 00000074
4a5fcede 0004 00000020
4a5fcf28 0004 00000030
4a5fcf74 0004 0000000d
4a5fcfb6 0004 0000000a
4a5fcfb6 got 0
4a5ff04c 0004 00000067
4a5ff096 0004 0000006f
4a5ff0e0 0004 00000074
4a5ff12a 0004 00000020
4a5ff176 0004 00000030
4a5ff1c2 0004 0000000d
4a5ff204 0004 0000000a
4a5ff204 got 0
4a604a15 0004 00000065
4a604afa 0004 00000074
4a604b44 0004 00000068
4a604b8e 0004 0000005f
4a604bd8 0004 00000064
4a604c24 0004 00000061
4a604c6e 0004 00000074
4a604cba 0004 00000061
4a604d04 0004 0000005f
Overflow, missed 5 events
Overflow, missed 5 events
4a609f8f 0004 00000061
4a609fd9 0004 0000006c
4a60a026 0004 0000006c
4a60a070 0004 0000006f
4a60a0ba 0004 00000063
4a60a106 0004 00000061
4a60a150 0004 00000074
4a60a19c 0004 00000069
Overflow, missed 8 events
Overflow, missed 10 events
Overflow, missed 2 events
4a6103ff 0004 00000070
4a610449 0004 00000075
4a610494 0004 00000074
4a6104de 0004 00000074
4a610528 0004 00000069
4a610574 0004 0000006e
4a6105be 0004 00000067
4a61060a 0004 00000020
Overflow, missed 1 events
Overflow, missed 8 events
Overflow, missed 9 events
Overflow, missed 9 events
4a615cab 0004 0000006c
4a615d90 0004 00000069
4a615de4 0004 00000073
4a615e2e 0004 00000074
4a615e7a 0004 00000020
4a615ec4 0004 0000006c
4a615f10 0004 00000065
4a615f5a 0004 0000006e
Overflow, missed 4 events
Overflow, missed 3 events
4a61848a 0004 0000006c
4a6184d4 0004 00000069
4a618522 0004 00000073
4a61856c 0004 00000074
4a6185b8 0004 00000020
4a618602 0004 00000065
4a61864e 0004 0000006e
4a618698 0004 00000064
4a6186e4 0004 0000003a
Overflow, missed 7 events
Overflow, missed 1 events
4a61ae20 0004 00000065
4a61ae6a 0004 00000071
4a61aeb6 0004 00000075
4a61af00 0004 00000061
4a61af4c 0004 0000006c
4a61af96 0004 00000020
4a61afe2 0004 0000004e
4a61b02c 0004 00000055
4a61b078 0004 0000004c
Overflow, missed 8 events
4a61c644 0004 00000065
4a61c68e 0004 0000006e
4a61c6da 0004 00000064
4a61c724 0004 00000020
4a61c76e 0004 0000006f
4a61c7b8 0004 00000066
4a61c802 0004 00000020
4a61c84c 0004 00000049
Overflow, missed 4 events
Overflow, missed 1 events
4a61fbb6 0004 00000049
4a61fc9c 0004 00000066
4a61fce6 0004 00000020
4a61fd30 0004 00000077
4a61fd7c 0004 00000061
4a61fdc6 0004 00000073
4a61fe12 0004 00000020
4a61fe5c 0004 00000074
Overflow, missed 6 events
4a62341a 0004 00000067
4a623464 0004 0000006f
4a6234ae 0004 00000074
4a6234f8 0004 00000020
4a623544 0004 00000070
4a62358e 0004 00000061
4a6235da 0004 00000063
4a623624 0004 0000006b
Overflow, missed 1 events
Overflow, missed 8 events
Overflow, missed 9 events
Overflow, missed 9 events
Overflow, missed 2 events
4a626cfa 0004 00000073
4a626d44 0004 0000006f
4a626d8e 0004 0000006d
4a626dd8 0004 00000065
4a626e24 0004 00000074
4a626e6e 0004 00000068
4a626eba 0004 00000069
4a626f09 0004 0000006e
4a626f54 0004 00000067
Overflow, missed 9 events
Overflow, missed 3 events
4a629752 0004 0000006e
4a62979c 0004 00000065
4a6297e6 0004 00000074
4a629830 0004 00000069
4a62987a 0004 00000066
4a6298c6 0004 00000020
4a629910 0004 00000066
4a62995c 0004 0000006c
Overflow, missed 3 events
Overflow, missed 6 events
4a62cd11 0004 00000043
4a62cd5b 0004 0000006f
4a62cda6 0004 0000006e
4a62cdf0 0004 00000064
4a62ce3a 0004 00000069
4a62ce86 0004 00000074
4a62ced0 0004 00000069
4a62cf1c 0004 0000006f
Overflow, missed 8 events
Overflow, missed 7 events
Overflow, missed 4 events
4a62ff43 0004 00000070
4a62ff96 0004 0000002d
4a62ffe0 0004 0000003e
4a63002c 0004 0000006c
4a630076 0004 00000065
4a6300c2 0004 0000006e
4a63010c 0004 0000003a
4a630158 0004 00000020
4a6301a2 0004 00000036
Overflow, missed 3 events
4a632eb2 0004 00000070
4a632efc 0004 0000002d
4a632f48 0004 0000003e
4a632f92 0004 00000069
4a632fde 0004 00000066
4a633028 0004 0000005f
4a633074 0004 00000069
4a6330be 0004 00000064
Overflow, missed 6 events
4a63e19e 0004 00000073
4a63e1ea 0004 00000065
4a63e234 0004 0000006e
4a63e280 0004 00000074
4a63e2ca 0004 00000020
4a63e316 0004 00000070
4a63e360 0004 00000061
4a63e3ac 0004 00000079
Overflow, missed 2 events
Overflow, missed 8 events
Overflow, missed 9 events
4a63f25f 0004 0000000d
4a63f2a2 0004 0000000a
4a63f2a2 eth_data_allocatiputting list lenlist end:equal NULend of IIf was tgot packsomethingnetif flConditiop->len: 6p->if_idsent pay
4a641e80 0004 0000006c
4a641eca 0004 00000065
4a641f16 0004 0000006e
4a641f60 0004 00000067
4a641fac 0004 00000074
4a641ff6 0004 00000068
4a642042 0004 00000020
4a64208c 0004 0000006f
4a6420d8 0004 00000066
Overflow, missed 7 events
Overflow, missed 3 events
4da519ac 0004 00000052
4da51a95 0004 00000065
4da51ae0 0004 00000063
4da51b2a 0004 00000065
4da51b80 0004 00000069
4da51bca 0004 00000076
4da51c16 0004 00000065
4da51c60 0004 00000020
Overflow, missed 4 events
Overflow, missed 8 events
Overflow, missed 8 events
Overflow, missed 2 events
4da552a7 0004 00000049
4da552f4 0004 00000053
4da5533e 0004 00000052
4da5538a 0004 00000020
4da553d9 0004 00000069
4da55424 0004 00000073
4da5546e 0004 00000020
4da554b8 0004 00000030
4da55502 0004 00000078
Overflow, missed 6 events
Overflow, missed 3 events
4da572d5 0004 00000052
4da5731f 0004 00000065
4da5736a 0004 00000063
4da573b4 0004 00000065
4da573fe 0004 00000069
4da57448 0004 00000076
4da57492 0004 00000065
4da574dc 0004 00000064
4da57526 0004 00000020
Overflow, missed 9 events
Overflow, missed 10 events
Overflow, missed 7 events
4da5a0c1 0004 00000065
4da5a10b 0004 00000074
4da5a155 0004 00000068
4da5a1a0 0004 0000005f
4da5a1ea 0004 00000064
4da5a234 0004 00000061
4da5a280 0004 00000074
4da5a2ca 0004 00000061
Overflow, missed 9 events
Overflow, missed 2 events
4da5fa87 0004 00000067
4da5fad1 0004 0000006f
4da5fb1e 0004 00000074
4da5fb68 0004 00000020
4da5fbb2 0004 00000031
4da5fbfe 0004 00000032
4da5fc48 0004 00000033
4da5fc94 0004 00000034
4da5fcde 0004 00000035
Overflow, missed 5 events
4da6212c 0004 00000067
4da62176 0004 0000006f
4da621c0 0004 00000074
4da6220a 0004 00000020
4da62256 0004 00000039
4da622a0 0004 00000061
4da622ea 0004 00000062
4da62336 0004 00000063
4da62380 0004 00000039
Overflow, missed 5 events
4da647db 0004 00000067
4da64826 0004 0000006f
4da64870 0004 00000074
4da648bc 0004 00000020
4da64906 0004 00000062
4da64952 0004 00000061
4da6499c 0004 00000034
4da649e8 0004 00000036
Overflow, missed 6 events
4da66e8b 0004 00000067
4da66ed5 0004 0000006f
4da66f28 0004 00000074
4da66f72 0004 00000020
4da66fc2 0004 00000038
4da6700c 0004 00000030
4da67058 0004 00000030
4da670a2 0004 00000034
Overflow, missed 1 events
Overflow, missed 4 events
4da69499 0004 00000067
4da694e3 0004 0000006f
4da6952d 0004 00000074
4da69578 0004 00000020
4da695c2 0004 00000032
4da6960c 0004 00000034
4da69656 0004 00000063
4da696a0 0004 00000032
Overflow, missed 4 events
4da6baa0 0004 00000067
4da6baea 0004 0000006f
4da6bb34 0004 00000074
4da6bb7e 0004 00000020
4da6bbc8 0004 00000034
4da6bc12 0004 00000030
4da6bc5c 0004 00000030
4da6bca6 0004 00000030
4da6bcf2 0004 00000034
Overflow, missed 5 events
4da6e158 0004 00000067
4da6e1a4 0004 0000006f
4da6e1ee 0004 00000074
4da6e23a 0004 00000020
4da6e284 0004 00000033
4da6e2ce 0004 00000065
4da6e318 0004 00000031
4da6e362 0004 00000066
4da6e3ac 0004 00000038
Overflow, missed 5 events
4da707f3 0004 00000067
4da7083d 0004 0000006f
4da70887 0004 00000074
4da708d2 0004 00000020
4da7091c 0004 00000039
4da70966 0004 00000062
4da709b0 0004 00000033
4da709fa 0004 00000037
4da70a44 0004 00000038
Overflow, missed 5 events
4da72ec3 0004 00000067
4da72f0d 0004 0000006f
4da72f5b 0004 00000074
4da72fab 0004 00000020
4da72ff5 0004 00000039
4da73042 0004 00000062
4da7308c 0004 00000062
4da730d8 0004 00000031
4da73122 0004 00000062
Overflow, missed 5 events
4da7557a 0004 00000067
4da755c4 0004 0000006f
4da75612 0004 00000074
4da75661 0004 00000020
4da756ac 0004 00000064
4da756f6 0004 00000035
4da75740 0004 00000064
4da7578a 0004 00000066
4da757da 0004 00000030
Overflow, missed 5 events
4da77c0c 0004 00000067
4da77c56 0004 0000006f
4da77ca0 0004 00000074
4da77cea 0004 00000020
4da77d36 0004 00000033
4da77d80 0004 00000061
4da77dca 0004 00000038
4da77e16 0004 00000031
4da77e60 0004 00000035
Overflow, missed 5 events
4da7a2ba 0004 00000067
4da7a304 0004 0000006f
4da7a350 0004 00000074
4da7a39a 0004 00000020
4da7a3e6 0004 00000034
4da7a430 0004 00000036
4da7a47a 0004 00000033
4da7a4c4 0004 00000032
4da7a50e 0004 00000030
Overflow, missed 5 events
4da7c706 0004 00000067
4da7c750 0004 0000006f
4da7c79a 0004 00000074
4da7c7e4 0004 00000020
4da7c830 0004 00000030
4da7c87c 0004 0000000d
4da7c8c0 0004 0000000a
4da7c8c0 length ofReceive ISR is 0xReceived eth_datagot 12345got 9abc9got ba46got 8004got 24c2got 40004got 3e1f8got 9b378got 9bb1bgot d5df0got 3a815got 46320got 0
4da7e946 0004 00000067
4da7e990 0004 0000006f
4da7e9da 0004 00000074
4da7ea24 0004 00000020
4da7ea6e 0004 00000030
4da7eaba 0004 0000000d
4da7eafe 0004 0000000a
4da7eafe got 0
4da80b84 0004 00000067
4da80bce 0004 0000006f
4da80c18 0004 00000074
4da80c64 0004 00000020
4da80cae 0004 00000030
4da80cfa 0004 0000000d
4da80d3c 0004 0000000a
4da80d3c got 0
4da8631f 0004 00000065
4da86404 0004 00000074
4da8644e 0004 00000068
4da86498 0004 0000005f
4da864e2 0004 00000064
4da8652e 0004 00000061
4da86578 0004 00000074
4da865c4 0004 00000061
Overflow, missed 2 events
Overflow, missed 8 events
Overflow, missed 1 events
4da8b2fc 0004 00000061
4da8b348 0004 0000006c
4da8b392 0004 0000006c
4da8b3de 0004 0000006f
4da8b428 0004 00000063
4da8b474 0004 00000061
4da8b4be 0004 00000074
4da8b50a 0004 00000069
4da8b554 0004 0000006f
Overflow, missed 9 events
Overflow, missed 10 events
4da9141a 0004 00000070
4da91466 0004 00000075
4da914b0 0004 00000074
4da91502 0004 00000074
4da9154c 0004 00000069
4da9159c 0004 0000006e
4da915e6 0004 00000067
4da91632 0004 00000020
4da9167c 0004 00000064
Overflow, missed 7 events
Overflow, missed 9 events
Overflow, missed 9 events
Overflow, missed 1 events
4da9664c 0004 0000006c
4da96739 0004 00000069
4da96783 0004 00000073
4da967cd 0004 00000074
4da96817 0004 00000020
4da96862 0004 0000006c
4da968b2 0004 00000065
4da968fc 0004 0000006e
Overflow, missed 2 events
Overflow, missed 5 events
4da98e32 0004 0000006c
4da98e7c 0004 00000069
4da98ec6 0004 00000073
4da98f12 0004 00000074
4da98f5c 0004 00000020
4da98fa8 0004 00000065
4da98ff2 0004 0000006e
4da9903e 0004 00000064
4da99088 0004 0000003a
Overflow, missed 5 events
Overflow, missed 3 events
4da9b545 0004 00000065
4da9b58f 0004 00000071
4da9b5d9 0004 00000075
4da9b623 0004 00000061
4da9b66e 0004 0000006c
4da9b6be 0004 00000020
4da9b708 0004 0000004e
4da9b758 0004 00000055
Overflow, missed 1 events
Overflow, missed 8 events
4da9cd67 0004 00000065
4da9cdb1 0004 0000006e
4da9cdfb 0004 00000064
4da9ce46 0004 00000020
4da9ce90 0004 0000006f
4da9ceda 0004 00000066
4da9cf24 0004 00000020
4da9cf74 0004 00000049
Overflow, missed 2 events
Overflow, missed 3 events
4da9fcb3 0004 00000049
4da9fcfd 0004 00000066
4da9fd4a 0004 00000020
4da9fd94 0004 00000077
4da9fdde 0004 00000061
4da9fe2a 0004 00000073
4da9fe74 0004 00000020
4da9fec0 0004 00000074
4da9ff0a 0004 00000072
Overflow, missed 4 events
Overflow, missed 1 events
4daa32e3 0004 00000067
4daa332f 0004 0000006f
4daa3379 0004 00000074
4daa33c8 0004 00000020
4daa3412 0004 00000070
4daa345e 0004 00000061
4daa34a8 0004 00000063
4daa34f4 0004 0000006b
4daa353e 0004 00000065
Overflow, missed 5 events
Overflow, missed 9 events
Overflow, missed 9 events
Overflow, missed 5 events
4daa62f0 0004 00000073
4daa633a 0004 0000006f
4daa6384 0004 0000006d
4daa63ce 0004 00000065
4daa6418 0004 00000074
4daa6464 0004 00000068
4daa64ae 0004 00000069
4daa64fa 0004 0000006e
4daa6544 0004 00000067
Overflow, missed 2 events
4daa6e2c 0004 00000031
4daa6e78 0004 00000032
Overflow, missed 2 events
Overflow, missed 6 events
4daa93b4 0004 0000006e
4daa93fe 0004 00000065
4daa9448 0004 00000074
4daa9492 0004 00000069
4daa94de 0004 00000066
4daa9528 0004 00000020
4daa9574 0004 00000066
4daa95be 0004 0000006c
Overflow, missed 9 events
4daac8ba 0004 00000043
4daac904 0004 0000006f
4daac953 0004 0000006e
4daac99d 0004 00000064
4daac9e7 0004 00000069
4daaca31 0004 00000074
4daaca7c 0004 00000069
4daacacc 0004 0000006f
4daacb16 0004 0000006e
Overflow, missed 4 events
Overflow, missed 9 events
Overflow, missed 5 events
4daafa10 0004 00000070
4daafa5a 0004 0000002d
4daafaa6 0004 0000003e
4daafaf0 0004 0000006c
4daafb3c 0004 00000065
4daafb86 0004 0000006e
4daafbd2 0004 0000003a
4daafc1c 0004 00000020
4daafc68 0004 00000036
Overflow, missed 3 events
4dab207d 0004 00000070
4dab20c7 0004 0000002d
4dab2111 0004 0000003e
4dab215c 0004 00000069
4dab21a6 0004 00000066
4dab21f0 0004 0000005f
4dab223c 0004 00000069
4dab2286 0004 00000064
Overflow, missed 2 events
Overflow, missed 4 events
4dabbeca 0004 00000073
4dabbf14 0004 00000065
4dabbf5e 0004 0000006e
4dabbfa8 0004 00000074
4dabbff2 0004 00000020
4dabc03e 0004 00000070
4dabc088 0004 00000061
4dabc0d4 0004 00000079
4dabc11e 0004 0000006c
Overflow, missed 7 events
Overflow, missed 9 events
Overflow, missed 4 events
4dabfaea 0004 0000006c
4dabfb34 0004 00000065
4dabfb80 0004 0000006e
4dabfbca 0004 00000067
4dabfc16 0004 00000074
4dabfc60 0004 00000068
4dabfcac 0004 00000020
4dabfcf6 0004 0000006f
4dabfd42 0004 00000066
Overflow, missed 7 events
Overflow, missed 3 events
509a83a9 0004 00000052
509a848e 0004 00000065
509a84db 0004 00000063
509a8525 0004 00000065
509a8574 0004 00000069
509a85be 0004 00000076
509a860a 0004 00000065
509a8654 0004 00000020
509a86a0 0004 00000043
Overflow, missed 6 events
Overflow, missed 9 events
Overflow, missed 6 events
509abd80 0004 00000049
509abdcc 0004 00000053
509abe16 0004 00000052
509abe62 0004 00000020
509abeac 0004 00000069
509abef8 0004 00000073
509abf42 0004 00000020
509abf8e 0004 00000030
Overflow, missed 1 events
Overflow, missed 8 events
Overflow, missed 1 events
509add9f 0004 00000052
509adde9 0004 00000065
509ade34 0004 00000063
509ade7e 0004 00000065
509adec8 0004 00000069
509adf12 0004 00000076
509adf5c 0004 00000065
509adfa6 0004 00000064
509adff0 0004 00000020
Overflow, missed 6 events
Overflow, missed 9 events
Overflow, missed 9 events
Overflow, missed 2 events
509b0b8b 0004 00000065
509b0bd5 0004 00000074
509b0c1f 0004 00000068
509b0c6a 0004 0000005f
509b0cb4 0004 00000064
509b0cfe 0004 00000061
509b0d4a 0004 00000074
509b0d94 0004 00000061
Overflow, missed 10 events
Overflow, missed 1 events
509b6442 0004 00000067
509b648e 0004 0000006f
509b64da 0004 00000074
509b6524 0004 00000020
509b656e 0004 00000031
509b65ba 0004 00000032
509b6604 0004 00000033
509b6650 0004 00000034
Overflow, missed 6 events
509b8af8 0004 00000067
509b8b42 0004 0000006f
509b8b90 0004 00000074
509b8bdf 0004 00000020
509b8c2a 0004 00000039
509b8c74 0004 00000061
509b8cbe 0004 00000062
509b8d08 0004 00000063
509b8d58 0004 00000039
Overflow, missed 5 events
509bb18a 0004 00000067
509bb1d4 0004 0000006f
509bb21e 0004 00000074
509bb268 0004 00000020
509bb2b4 0004 00000062
509bb2fe 0004 00000061
509bb348 0004 00000034
509bb394 0004 00000036
509bb3de 0004 00000035
Overflow, missed 5 events
509bd838 0004 00000067
509bd882 0004 0000006f
509bd8ce 0004 00000074
509bd918 0004 00000020
509bd964 0004 00000038
509bd9ae 0004 00000030
509bd9f8 0004 00000030
509bda42 0004 00000034
Overflow, missed 5 events
509bfe16 0004 00000067
509bfe62 0004 0000006f
509bfeac 0004 00000074
509bfef8 0004 00000020
509bff42 0004 00000032
509bff8c 0004 00000034
509bffd6 0004 00000063
509c0020 0004 00000032
509c006a 0004 00000034
Overflow, missed 3 events
509c2430 0004 00000067
509c247a 0004 0000006f
509c24c4 0004 00000074
509c2513 0004 00000020
509c2563 0004 00000034
509c25ad 0004 00000030
509c25fa 0004 00000030
509c2644 0004 00000030
509c2690 0004 00000034
Overflow, missed 5 events
509c4acf 0004 00000067
509c4b1a 0004 0000006f
509c4b64 0004 00000074
509c4bae 0004 00000020
509c4bf8 0004 00000033
509c4c42 0004 00000065
509c4c8c 0004 00000031
509c4cd8 0004 00000066
509c4d22 0004 00000038
Overflow, missed 5 events
509c716c 0004 00000067
509c71b6 0004 0000006f
509c7202 0004 00000074
509c724c 0004 00000020
509c7298 0004 00000039
509c72e2 0004 00000062
509c732c 0004 00000033
509c7376 0004 00000037
509c73c0 0004 00000038
Overflow, missed 5 events
509c9804 0004 00000067
509c984e 0004 0000006f
509c989a 0004 00000074
509c98e4 0004 00000020
509c9930 0004 00000039
509c997a 0004 00000062
509c99c6 0004 00000062
509c9a10 0004 00000031
509c9a5c 0004 00000062
509c9a5c eth_dataallocatioputting dlist lenlist end:equal NUend of IIf was trgot packesomething12netif flConditionp->len: 6p->if_idsent payllength ofReceive CISR is 0Received eth_datagot 1234got 9abc9got ba465got 8004got 24c24got 40004got 3e1f8got 9b378got 9bb1b...
Overflow, missed 5 events
509cbe95 0004 00000067
509cbedf 0004 0000006f
509cbf29 0004 00000074
509cbf74 0004 00000020
509cbfbe 0004 00000064
509cc008 0004 00000035
509cc054 0004 00000064
509cc09e 0004 00000066
509cc0ea 0004 00000030
Overflow, missed 5 events
509ce52e 0004 00000067
509ce578 0004 0000006f
509ce5c6 0004 00000074
509ce610 0004 00000020
509ce65c 0004 00000033
509ce6a6 0004 00000061
509ce6f0 0004 00000038
509ce73c 0004 00000031
509ce786 0004 00000035
Overflow, missed 5 events
509d0bcc 0004 00000067
509d0c16 0004 0000006f
509d0c60 0004 00000074
509d0caa 0004 00000020
509d0cf4 0004 00000034
509d0d3e 0004 00000036
509d0d8a 0004 00000033
509d0dd4 0004 00000032
509d0e20 0004 00000030
Overflow, missed 5 events
509d300a 0004 00000067
509d3058 0004 0000006f
509d30a2 0004 00000074
509d30f2 0004 00000020
509d313c 0004 00000030
509d3188 0004 0000000d
509d31ca 0004 0000000a
509d31ca got d5df0got 3a815got 46320got 0
509d5276 0004 00000067
509d52c0 0004 0000006f
509d530c 0004 00000074
509d5356 0004 00000020
509d53a2 0004 00000030
509d53ee 0004 0000000d
509d5432 0004 0000000a
509d5432 got 0
509d74b4 0004 00000067
509d74fe 0004 0000006f
509d754a 0004 00000074
509d7594 0004 00000020
509d75e0 0004 00000030
509d762c 0004 0000000d
509d7670 0004 0000000a
509d7670 got 0
509dccfe 0004 00000065
509dcde3 0004 00000074
509dce2d 0004 00000068
509dce78 0004 0000005f
509dcec2 0004 00000064
509dcf0c 0004 00000061
509dcf58 0004 00000074
509dcfa2 0004 00000061
509dcfee 0004 0000005f
Overflow, missed 4 events
Overflow, missed 6 events
509e1ce5 0004 00000061
509e1d2f 0004 0000006c
509e1d7d 0004 0000006c
509e1dcd 0004 0000006f
509e1e17 0004 00000063
509e1e64 0004 00000061
509e1eae 0004 00000074
509e1efa 0004 00000069
Overflow, missed 8 events
Overflow, missed 10 events
Overflow, missed 2 events
509e7e0f 0004 00000070
509e7e59 0004 00000075
509e7ea4 0004 00000074
509e7eee 0004 00000074
509e7f38 0004 00000069
509e7f84 0004 0000006e
509e7fce 0004 00000067
509e801a 0004 00000020
509e8064 0004 00000064
Overflow, missed 4 events
Overflow, missed 9 events
Overflow, missed 9 events
Overflow, missed 4 events
509ed053 0004 0000006c
509ed141 0004 00000069
509ed18c 0004 00000073
509ed1d6 0004 00000074
509ed22c 0004 00000020
509ed276 0004 0000006c
509ed2c2 0004 00000065
509ed30c 0004 0000006e
Overflow, missed 5 events
Overflow, missed 2 events
509ef835 0004 0000006c
509ef87f 0004 00000069
509ef8c9 0004 00000073
509ef914 0004 00000074
509ef95e 0004 00000020
509ef9a8 0004 00000065
509ef9f2 0004 0000006e
509efa3c 0004 00000064
509efa86 0004 0000003a
Overflow, missed 8 events
509f1f3e 0004 00000065
509f1f88 0004 00000071
509f1fd4 0004 00000075
509f201e 0004 00000061
509f206a 0004 0000006c
509f20b4 0004 00000020
509f2100 0004 0000004e
509f214a 0004 00000055
509f2196 0004 0000004c
Overflow, missed 8 events
509f376a 0004 00000065
509f37b4 0004 0000006e
509f37fe 0004 00000064
509f3848 0004 00000020
509f3892 0004 0000006f
509f38de 0004 00000066
509f3928 0004 00000020
509f3974 0004 00000049
Overflow, missed 5 events
509f68b5 0004 00000049
509f699a 0004 00000066
509f69f0 0004 00000020
509f6a3a 0004 00000077
509f6a8a 0004 00000061
509f6ad4 0004 00000073
509f6b20 0004 00000020
509f6b6a 0004 00000074
509f6bb6 0004 00000072
Overflow, missed 5 events
509f9f92 0004 00000067
509f9fdc 0004 0000006f
509fa026 0004 00000074
509fa070 0004 00000020
509fa0bc 0004 00000070
509fa106 0004 00000061
509fa152 0004 00000063
509fa19c 0004 0000006b
509fa1e8 0004 00000065
Overflow, missed 6 events
Overflow, missed 9 events
Overflow, missed 9 events
Overflow, missed 4 events
509fcf8e 0004 00000073
509fcfd8 0004 0000006f
509fd022 0004 0000006d
509fd06e 0004 00000065
509fd0b8 0004 00000074
509fd104 0004 00000068
509fd14e 0004 00000069
509fd19a 0004 0000006e
Overflow, missed 1 events
Overflow, missed 8 events
Overflow, missed 4 events
509ff867 0004 0000006e
509ff8b1 0004 00000065
509ff8ff 0004 00000074
509ff94f 0004 00000069
509ff999 0004 00000066
509ff9e6 0004 00000020
509ffa30 0004 00000066
509ffa7c 0004 0000006c
509ffac6 0004 00000061
Overflow, missed 7 events
Overflow, missed 1 events
50a03668 0004 00000043
50a036b2 0004 0000006f
50a03701 0004 0000006e
50a0374b 0004 00000064
50a03795 0004 00000069
50a037df 0004 00000074
50a0382a 0004 00000069
50a0387a 0004 0000006f
50a038c4 0004 0000006e
Overflow, missed 6 events
Overflow, missed 8 events
Overflow, missed 4 events
50a067ab 0004 00000070
50a067f5 0004 0000002d
50a0683f 0004 0000003e
50a0688a 0004 0000006c
50a068d4 0004 00000065
50a0691e 0004 0000006e
50a06968 0004 0000003a
50a069b2 0004 00000020
Overflow, missed 4 events
50a08e1e 0004 00000070
50a08e68 0004 0000002d
50a08eb4 0004 0000003e
50a08efe 0004 00000069
50a08f51 0004 00000066
50a08f9b 0004 0000005f
50a08fe6 0004 00000069
50a09030 0004 00000064
50a0907a 0004 00000078
Overflow, missed 5 events
50a12ca4 0004 00000073
50a12cf2 0004 00000065
50a12d3c 0004 0000006e
50a12d88 0004 00000074
50a12dd2 0004 00000020
50a12e1e 0004 00000070
50a12e68 0004 00000061
50a12eb4 0004 00000079
Overflow, missed 1 events
Overflow, missed 8 events
Overflow, missed 9 events
Overflow, missed 3 events
50a15f04 0004 0000006c
50a15f52 0004 00000065
50a15f9c 0004 0000006e
50a15fec 0004 00000067
50a16036 0004 00000074
50a16082 0004 00000068
50a160cc 0004 00000020
50a16118 0004 0000006f
50a16162 0004 00000066
Overflow, missed 4 events
Overflow, missed 6 events
535ea8cf 0004 00000052
535ea9b5 0004 00000065
535eaa00 0004 00000063
535eaa4a 0004 00000065
535eaa96 0004 00000069
535eaae0 0004 00000076
535eab2c 0004 00000065
535eab76 0004 00000020
535eabc2 0004 00000043
Overflow, missed 7 events
Overflow, missed 9 events
Overflow, missed 5 events
535ee2a1 0004 00000049
535ee2eb 0004 00000053
535ee335 0004 00000052
535ee380 0004 00000020
535ee3ca 0004 00000069
535ee414 0004 00000073
535ee45e 0004 00000020
535ee4a8 0004 00000030
Overflow, missed 2 events
Overflow, missed 8 events
535f02b8 0004 00000052
535f0302 0004 00000065
535f034c 0004 00000063
535f0396 0004 00000065
535f03e2 0004 00000069
535f042c 0004 00000076
535f0478 0004 00000065
535f04c2 0004 00000064
535f050e 0004 00000020
Overflow, missed 7 events
Overflow, missed 8 events
Overflow, missed 10 events
Overflow, missed 1 events
535f30a5 0004 00000065
535f30ef 0004 00000074
535f3139 0004 00000068
535f3183 0004 0000005f
535f31ce 0004 00000064
535f321e 0004 00000061
535f3268 0004 00000074
535f32b8 0004 00000061
Overflow, missed 9 events
Overflow, missed 2 events
535f896e 0004 00000067
535f89b8 0004 0000006f
535f8a02 0004 00000074
535f8a4c 0004 00000020
535f8a96 0004 00000031
535f8ae2 0004 00000032
535f8b2c 0004 00000033
535f8b78 0004 00000034
Overflow, missed 6 events
535fb023 0004 00000067
535fb06d 0004 0000006f
535fb0b7 0004 00000074
535fb102 0004 00000020
535fb14c 0004 00000039
535fb196 0004 00000061
535fb1e0 0004 00000062
535fb22a 0004 00000063
535fb274 0004 00000039
Overflow, missed 4 events
Overflow, missed 1 events
535fd6be 0004 00000067
535fd708 0004 0000006f
535fd754 0004 00000074
535fd79e 0004 00000020
535fd7ea 0004 00000062
535fd834 0004 00000061
535fd87e 0004 00000034
535fd8c8 0004 00000036
535fd912 0004 00000035
Overflow, missed 5 events
535ffd6d 0004 00000067
535ffdb7 0004 0000006f
535ffe05 0004 00000074
535ffe55 0004 00000020
535ffe9f 0004 00000038
535ffeec 0004 00000030
535fff36 0004 00000030
535fff82 0004 00000034
535fffcc 0004 00000035
Overflow, missed 4 events
53602350 0004 00000067
5360239a 0004 0000006f
536023e4 0004 00000074
5360242e 0004 00000020
5360247a 0004 00000032
536024c4 0004 00000034
53602510 0004 00000063
5360255a 0004 00000032
536025a6 0004 00000034
Overflow, missed 3 events
53604957 0004 00000067
536049a1 0004 0000006f
536049eb 0004 00000074
53604a36 0004 00000020
53604a80 0004 00000034
53604aca 0004 00000030
53604b14 0004 00000030
53604b5e 0004 00000030
Overflow, missed 1 events
Overflow, missed 5 events
53606ff2 0004 00000067
5360703c 0004 0000006f
53607088 0004 00000074
536070d2 0004 00000020
5360711e 0004 00000033
53607168 0004 00000065
536071b2 0004 00000031
536071fc 0004 00000066
53607246 0004 00000038
Overflow, missed 5 events
5360968a 0004 00000067
536096d4 0004 0000006f
53609720 0004 00000074
5360976a 0004 00000020
536097b6 0004 00000039
53609800 0004 00000062
5360984c 0004 00000033
53609896 0004 00000037
536098e2 0004 00000038
Overflow, missed 5 events
5360bd1b 0004 00000067
5360bd65 0004 0000006f
5360bdaf 0004 00000074
5360bdfa 0004 00000020
5360be44 0004 00000039
5360be8e 0004 00000062
5360beda 0004 00000062
5360bf24 0004 00000031
5360bf70 0004 00000062
Overflow, missed 5 events
5360e3a4 0004 00000067
5360e3ee 0004 0000006f
5360e3ee eth_data_allocatiputting dlist lenlist end:equal NULend of IIf was trgot packesomethinnetif flaConditionp->len: p->if_idxsent paylength ofReceive CISR is 0Received eth_datagot 1234got 9abc9got ba465got 80045got 24c24got 4000got 3e1f8got 9b378got 9bb1bgo...
5360e438 0004 00000074
5360e482 0004 00000020
5360e4cc 0004 00000064
5360e518 0004 00000035
5360e562 0004 00000064
5360e5ae 0004 00000066
5360e5f8 0004 00000030
Overflow, missed 5 events
53610a54 0004 00000067
53610a9e 0004 0000006f
53610ae8 0004 00000074
53610b32 0004 00000020
53610b7c 0004 00000033
53610bc6 0004 00000061
53610c10 0004 00000038
53610c5a 0004 00000031
53610ca6 0004 00000035
Overflow, missed 5 events
536130fd 0004 00000067
5361314a 0004 0000006f
53613194 0004 00000074
536131e6 0004 00000020
53613230 0004 00000034
53613280 0004 00000036
536132ca 0004 00000033
53613316 0004 00000032
53613360 0004 00000030
Overflow, missed 5 events
53615569 0004 00000067
536155b3 0004 0000006f
53615601 0004 00000074
53615651 0004 00000020
5361569b 0004 00000030
536156ea 0004 0000000d
5361572c 0004 0000000a
5361572c t d5df0got 3a815got 46320got 0
536177b8 0004 00000067
53617802 0004 0000006f
5361784c 0004 00000074
53617898 0004 00000020
536178e2 0004 00000030
5361792e 0004 0000000d
53617970 0004 0000000a
53617970 got 0
53619a06 0004 00000067
53619a50 0004 0000006f
53619a9a 0004 00000074
53619ae4 0004 00000020
53619b30 0004 00000030
53619b7c 0004 0000000d
53619bbe 0004 0000000a
53619bbe got 0
5361f265 0004 00000065
5361f34a 0004 00000074
5361f396 0004 00000068
5361f3e0 0004 0000005f
5361f42c 0004 00000064
5361f476 0004 00000061
5361f4c2 0004 00000074
5361f50c 0004 00000061
5361f558 0004 0000005f
Overflow, missed 6 events
Overflow, missed 4 events
53624257 0004 00000061
536242a1 0004 0000006c
536242eb 0004 0000006c
53624336 0004 0000006f
53624380 0004 00000063
536243ca 0004 00000061
53624414 0004 00000074
5362445e 0004 00000069
536244a8 0004 0000006f
Overflow, missed 9 events
Overflow, missed 10 events
5362a342 0004 00000070
5362a38e 0004 00000075
5362a3e0 0004 00000074
5362a42a 0004 00000074
5362a474 0004 00000069
5362a4c0 0004 0000006e
5362a50a 0004 00000067
5362a556 0004 00000020
5362a5a0 0004 00000064
Overflow, missed 7 events
Overflow, missed 9 events
Overflow, missed 9 events
Overflow, missed 1 events
5362f57b 0004 0000006c
5362f665 0004 00000069
5362f6b0 0004 00000073
5362f6fa 0004 00000074
5362f746 0004 00000020
5362f790 0004 0000006c
5362f7dc 0004 00000065
5362f826 0004 0000006e
Overflow, missed 2 events
Overflow, missed 5 events
53631d4c 0004 0000006c
53631d96 0004 00000069
53631de0 0004 00000073
53631e2a 0004 00000074
53631e74 0004 00000020
53631ebe 0004 00000065
53631f0a 0004 0000006e
53631f54 0004 00000064
53631fa0 0004 0000003a
Overflow, missed 5 events
Overflow, missed 3 events
53634466 0004 00000065
536344b0 0004 00000071
536344fc 0004 00000075
53634546 0004 00000061
53634592 0004 0000006c
536345dc 0004 00000020
53634628 0004 0000004e
53634672 0004 00000055
536346be 0004 0000004c
Overflow, missed 6 events
Overflow, missed 2 events
53635c7c 0004 00000065
53635cc6 0004 0000006e
53635d10 0004 00000064
53635d5c 0004 00000020
53635da6 0004 0000006f
53635df2 0004 00000066
53635e3c 0004 00000020
53635e88 0004 00000049
Overflow, missed 5 events
536391df 0004 00000049
536392cc 0004 00000066
53639316 0004 00000020
53639360 0004 00000077
536393aa 0004 00000061
536393f4 0004 00000073
5363943e 0004 00000020
5363948a 0004 00000074
Overflow, missed 2 events
Overflow, missed 4 events
5363c896 0004 00000067
5363c8e0 0004 0000006f
5363c92c 0004 00000074
5363c976 0004 00000020
5363c9c2 0004 00000070
5363ca0c 0004 00000061
5363ca58 0004 00000063
5363caa2 0004 0000006b
Overflow, missed 5 events
Overflow, missed 8 events
Overflow, missed 9 events
Overflow, missed 7 events
5363f8a9 0004 00000073
5363f8f7 0004 0000006f
5363f947 0004 0000006d
5363f991 0004 00000065
5363f9de 0004 00000074
5363fa28 0004 00000068
5363fa74 0004 00000069
5363fabe 0004 0000006e
5363fb0a 0004 00000067
Overflow, missed 5 events
Overflow, missed 7 events
5364297d 0004 0000006e
536429c7 0004 00000065
53642a11 0004 00000074
53642a5c 0004 00000069
53642aa6 0004 00000066
53642af0 0004 00000020
53642b3a 0004 00000066
53642b84 0004 0000006c
Overflow, missed 4 events
Overflow, missed 5 events
53645f10 0004 00000043
53645f5a 0004 0000006f
53645fa4 0004 0000006e
53645fee 0004 00000064
53646038 0004 00000069
53646082 0004 00000074
536460cc 0004 00000069
53646116 0004 0000006f
53646162 0004 0000006e
Overflow, missed 9 events
Overflow, missed 9 events
53649034 0004 00000070
5364907e 0004 0000002d
536490c8 0004 0000003e
53649112 0004 0000006c
5364915c 0004 00000065
536491a6 0004 0000006e
536491f0 0004 0000003a
5364923a 0004 00000020
Overflow, missed 4 events
5364b69b 0004 00000070
5364b6e5 0004 0000002d
5364b72f 0004 0000003e
5364b77a 0004 00000069
5364b7c4 0004 00000066
5364b80e 0004 0000005f
5364b85a 0004 00000069
5364b8a4 0004 00000064
Overflow, missed 1 events
Overflow, missed 5 events
53655506 0004 00000073
53655551 0004 00000065
5365559b 0004 0000006e
536555ea 0004 00000074
53655634 0004 00000020
53655680 0004 00000070
536556ca 0004 00000061
53655716 0004 00000079
Overflow, missed 5 events
Overflow, missed 8 events
Overflow, missed 8 events
5365875a 0004 0000006c
536587a4 0004 00000065
536587ee 0004 0000006e
53658838 0004 00000067
53658882 0004 00000074
536588cc 0004 00000068
53658916 0004 00000020
53658960 0004 0000006f
536589ac 0004 00000066
Overflow, missed 8 events
Overflow, missed 2 events
